d:\vsproject\qtchatroomclient\qtchatroomclient\x64\debug\vc140.pdb
d:\vsproject\qtchatroomclient\qtchatroomclient\x64\debug\socket.obj
d:\vsproject\qtchatroomclient\qtchatroomclient\x64\debug\qtchatroomlogin.obj
d:\vsproject\qtchatroomclient\qtchatroomclient\x64\debug\qtchatroomclient.obj
d:\vsproject\qtchatroomclient\qtchatroomclient\x64\debug\main.obj
d:\vsproject\qtchatroomclient\qtchatroomclient\x64\debug\moc_qtchatroomlogin.obj
d:\vsproject\qtchatroomclient\qtchatroomclient\x64\debug\moc_qtchatroomclient.obj
d:\vsproject\qtchatroomclient\qtchatroomclient\x64\debug\chatclient.obj
d:\vsproject\qtchatroomclient\qtchatroomclient\x64\debug\qrc_qtchatroomlogin.obj
d:\vsproject\qtchatroomclient\qtchatroomclient\generatedfiles\debug\moc_qtchatroomlogin.cpp
d:\vsproject\qtchatroomclient\qtchatroomclient\generatedfiles\debug\moc_qtchatroomclient.cpp
d:\vsproject\qtchatroomclient\qtchatroomclient\generatedfiles\qrc_qtchatroomlogin.cpp
d:\vsproject\qtchatroomclient\qtchatroomclient\generatedfiles\ui_qtchatroomclient.h
d:\vsproject\qtchatroomclient\qtchatroomclient\generatedfiles\ui_qtchatroomlogin.h
d:\vsproject\qtchatroomclient\x64\debug\qtchatroomclient.ilk
d:\vsproject\qtchatroomclient\x64\debug\qtchatroomclient.exe
d:\vsproject\qtchatroomclient\x64\debug\qtchatroomclient.pdb
d:\vsproject\qtchatroomclient\qtchatroomclient\x64\debug\qtchatroomclient.tlog\cl.command.1.tlog
d:\vsproject\qtchatroomclient\qtchatroomclient\x64\debug\qtchatroomclient.tlog\cl.read.1.tlog
d:\vsproject\qtchatroomclient\qtchatroomclient\x64\debug\qtchatroomclient.tlog\cl.write.1.tlog
d:\vsproject\qtchatroomclient\qtchatroomclient\x64\debug\qtchatroomclient.tlog\custombuild.command.1.tlog
d:\vsproject\qtchatroomclient\qtchatroomclient\x64\debug\qtchatroomclient.tlog\custombuild.read.1.tlog
d:\vsproject\qtchatroomclient\qtchatroomclient\x64\debug\qtchatroomclient.tlog\custombuild.write.1.tlog
d:\vsproject\qtchatroomclient\qtchatroomclient\x64\debug\qtchatroomclient.tlog\link.command.1.tlog
d:\vsproject\qtchatroomclient\qtchatroomclient\x64\debug\qtchatroomclient.tlog\link.read.1.tlog
d:\vsproject\qtchatroomclient\qtchatroomclient\x64\debug\qtchatroomclient.tlog\link.write.1.tlog
